<?xml version="1.0" encoding="UTF-8"?>
<testng-results total="1" passed="1" failed="0" skipped="0">
  <reporter-output>
    <line>
      <![CDATA[Entering into the test execution]]>
    </line>
  </reporter-output>
  <suite started-at="2018-04-04T14:28:34Z" name="Default suite" finished-at="2018-04-04T14:30:45Z" duration-ms="131675">
    <groups>
    </groups>
    <test started-at="2018-04-04T14:28:34Z" name="Default test" finished-at="2018-04-04T14:30:45Z" duration-ms="131675">
      <class name="digitalFrontDoor.TestDigitalFrontDoor">
        <test-method is-config="true" signature="setUp()[pri:0, instance:digitalFrontDoor.TestDigitalFrontDoor@55f616cf]" started-at="2018-04-04T19:58:34Z" name="setUp" finished-at="2018-04-04T20:00:13Z" duration-ms="99393" status="PASS">
          <reporter-output>
            <line>
              <![CDATA[Entering into the test execution]]>
            </line>
          </reporter-output>
        </test-method> <!-- setUp -->
        <test-method signature="testSARequest()[pri:0, instance:digitalFrontDoor.TestDigitalFrontDoor@55f616cf]" started-at="2018-04-04T20:00:13Z" name="testSARequest" finished-at="2018-04-04T20:00:45Z" duration-ms="32247" status="PASS">
          <reporter-output>
          </reporter-output>
        </test-method> <!-- testSARequest -->
      </class> <!-- digitalFrontDoor.TestDigitalFrontDoor -->
    </test> <!-- Default test -->
  </suite> <!-- Default suite -->
</testng-results>
